-------------------------------------------------------------------------------
Test set: com.bookapi.book.BookApplicationTests
-------------------------------------------------------------------------------
Tests run: 1, Failures: 0, Errors: 1, Skipped: 0, Time elapsed: 18.852 s <<< FAILURE! - in com.bookapi.book.BookApplicationTests
contextLoads  Time elapsed: 0.019 s  <<< ERROR!
java.lang.IllegalStateException: Failed to load ApplicationContext
Caused by: org.springframework.beans.factory.BeanCreationException: 
Error creating bean with name 'requestMappingHandlerMapping' defined in class path resource [org/springframework/boot/autoconfigure/web/servlet/WebMvcAutoConfiguration$EnableWebMvcConfiguration.class]: Invocation of init method failed; nested exception is java.lang.IllegalStateException: Ambiguous mapping. Cannot map 'userController' method 
com.bookapi.book.Controller.Auth.UserController#addUser(User)
to {POST [/auth/register]}: There is already 'authEmail' bean method
com.bookapi.book.Controller.Auth.AuthEmail#doRegister(User) mapped.
Caused by: java.lang.IllegalStateException: 
Ambiguous mapping. Cannot map 'userController' method 
com.bookapi.book.Controller.Auth.UserController#addUser(User)
to {POST [/auth/register]}: There is already 'authEmail' bean method
com.bookapi.book.Controller.Auth.AuthEmail#doRegister(User) mapped.

